# JRE version: Java(TM) SE Runtime Environment (7.0_79-b15) (build 1.7.0_79-b15)
# Java VM: Java HotSpot(TM) 64-Bit Server VM (24.79-b02 mixed mode windows-amd64 compressed oops)
Heap
 PSYoungGen      total 31232K, used 4680K [0x00000007d5e80000, 0x00000007d8400000, 0x0000000800000000)
  eden space 24064K, 13% used [0x00000007d5e80000,0x00000007d61b34b8,0x00000007d7600000)
  from space 7168K, 19% used [0x00000007d7d00000,0x00000007d7e5eb70,0x00000007d8400000)
  to   space 7168K, 0% used [0x00000007d7600000,0x00000007d7600000,0x00000007d7d00000)
 ParOldGen       total 86016K, used 22918K [0x0000000781c00000, 0x0000000787000000, 0x00000007d5e80000)
  object space 86016K, 26% used [0x0000000781c00000,0x0000000783261a68,0x0000000787000000)
 PSPermGen       total 37888K, used 37578K [0x000000077ca00000, 0x000000077ef00000, 0x0000000781c00000)
  object space 37888K, 99% used [0x000000077ca00000,0x000000077eeb2b98,0x000000077ef00000)
GC Heap History (10 events):
Event: 1508.777 GC heap before
{Heap before GC invocations=22 (full 0):
 PSYoungGen      total 26112K, used 26096K [0x00000007d5e80000, 0x00000007d8680000, 0x0000000800000000)
  eden space 24576K, 100% used [0x00000007d5e80000,0x00000007d7680000,0x00000007d7680000)
  from space 1536K, 99% used [0x00000007d7700000,0x00000007d787c310,0x00000007d7880000)
  to   space 8192K, 0% used [0x00000007d7e80000,0x00000007d7e80000,0x00000007d8680000)
 ParOldGen       total 86016K, used 20210K [0x0000000781c00000, 0x0000000787000000, 0x00000007d5e80000)
  object space 86016K, 23% used [0x0000000781c00000,0x0000000782fbcba8,0x0000000787000000)
 PSPermGen       total 37376K, used 36968K [0x000000077ca00000, 0x000000077ee80000, 0x0000000781c00000)
  object space 37376K, 98% used [0x000000077ca00000,0x000000077ee1a360,0x000000077ee80000)
Event: 1508.781 GC heap after
Heap after GC invocations=22 (full 0):
 PSYoungGen      total 31744K, used 1602K [0x00000007d5e80000, 0x00000007d8600000, 0x0000000800000000)
  eden space 24064K, 0% used [0x00000007d5e80000,0x00000007d5e80000,0x00000007d7600000)
  from space 7680K, 20% used [0x00000007d7e80000,0x00000007d8010858,0x00000007d8600000)
  to   space 8192K, 0% used [0x00000007d7600000,0x00000007d7600000,0x00000007d7e00000)
 ParOldGen       total 86016K, used 20731K [0x0000000781c00000, 0x0000000787000000, 0x00000007d5e80000)
  object space 86016K, 24% used [0x0000000781c00000,0x000000078303efe8,0x0000000787000000)
 PSPermGen       total 37376K, used 36968K [0x000000077ca00000, 0x000000077ee80000, 0x0000000781c00000)
  object space 37376K, 98% used [0x000000077ca00000,0x000000077ee1a360,0x000000077ee80000)
}
Event: 1597.026 GC heap before
{Heap before GC invocations=23 (full 0):
 PSYoungGen      total 31744K, used 25666K [0x00000007d5e80000, 0x00000007d8600000, 0x0000000800000000)
  eden space 24064K, 100% used [0x00000007d5e80000,0x00000007d7600000,0x00000007d7600000)
  from space 7680K, 20% used [0x00000007d7e80000,0x00000007d8010858,0x00000007d8600000)
  to   space 8192K, 0% used [0x00000007d7600000,0x00000007d7600000,0x00000007d7e00000)
 ParOldGen       total 86016K, used 20731K [0x0000000781c00000, 0x0000000787000000, 0x00000007d5e80000)
  object space 86016K, 24% used [0x0000000781c00000,0x000000078303efe8,0x0000000787000000)
 PSPermGen       total 37888K, used 37464K [0x000000077ca00000, 0x000000077ef00000, 0x0000000781c00000)
  object space 37888K, 98% used [0x000000077ca00000,0x000000077ee96060,0x000000077ef00000)
Event: 1597.030 GC heap after
Heap after GC invocations=23 (full 0):
 PSYoungGen      total 26624K, used 2216K [0x00000007d5e80000, 0x00000007d8500000, 0x0000000800000000)
  eden space 24064K, 0% used [0x00000007d5e80000,0x00000007d5e80000,0x00000007d7600000)
  from space 2560K, 86% used [0x00000007d7600000,0x00000007d782a0b0,0x00000007d7880000)
  to   space 7680K, 0% used [0x00000007d7d80000,0x00000007d7d80000,0x00000007d8500000)
 ParOldGen       total 86016K, used 20780K [0x0000000781c00000, 0x0000000787000000, 0x00000007d5e80000)
  object space 86016K, 24% used [0x0000000781c00000,0x000000078304b0b8,0x0000000787000000)
 PSPermGen       total 37888K, used 37464K [0x000000077ca00000, 0x000000077ef00000, 0x0000000781c00000)
  object space 37888K, 98% used [0x000000077ca00000,0x000000077ee96060,0x000000077ef00000)
}
Event: 1597.833 GC heap before
{Heap before GC invocations=24 (full 0):
 PSYoungGen      total 26624K, used 26280K [0x00000007d5e80000, 0x00000007d8500000, 0x0000000800000000)
  eden space 24064K, 100% used [0x00000007d5e80000,0x00000007d7600000,0x00000007d7600000)
  from space 2560K, 86% used [0x00000007d7600000,0x00000007d782a0b0,0x00000007d7880000)
  to   space 7680K, 0% used [0x00000007d7d80000,0x00000007d7d80000,0x00000007d8500000)
 ParOldGen       total 86016K, used 20780K [0x0000000781c00000, 0x0000000787000000, 0x00000007d5e80000)
  object space 86016K, 24% used [0x0000000781c00000,0x000000078304b0b8,0x0000000787000000)
 PSPermGen       total 37888K, used 37471K [0x000000077ca00000, 0x000000077ef00000, 0x0000000781c00000)
  object space 37888K, 98% used [0x000000077ca00000,0x000000077ee97da0,0x000000077ef00000)
Event: 1597.838 GC heap after
Heap after GC invocations=24 (full 0):
 PSYoungGen      total 30720K, used 1182K [0x00000007d5e80000, 0x00000007d8400000, 0x0000000800000000)
  eden space 24064K, 0% used [0x00000007d5e80000,0x00000007d5e80000,0x00000007d7600000)
  from space 6656K, 17% used [0x00000007d7d80000,0x00000007d7ea7a50,0x00000007d8400000)
  to   space 7168K, 0% used [0x00000007d7600000,0x00000007d7600000,0x00000007d7d00000)
 ParOldGen       total 86016K, used 22635K [0x0000000781c00000, 0x0000000787000000, 0x00000007d5e80000)
  object space 86016K, 26% used [0x0000000781c00000,0x000000078321acd0,0x0000000787000000)
 PSPermGen       total 37888K, used 37471K [0x000000077ca00000, 0x000000077ef00000, 0x0000000781c00000)
  object space 37888K, 98% used [0x000000077ca00000,0x000000077ee97da0,0x000000077ef00000)
}
Event: 2282.440 GC heap before
{Heap before GC invocations=25 (full 0):
 PSYoungGen      total 30720K, used 25246K [0x00000007d5e80000, 0x00000007d8400000, 0x0000000800000000)
  eden space 24064K, 100% used [0x00000007d5e80000,0x00000007d7600000,0x00000007d7600000)
  from space 6656K, 17% used [0x00000007d7d80000,0x00000007d7ea7a50,0x00000007d8400000)
  to   space 7168K, 0% used [0x00000007d7600000,0x00000007d7600000,0x00000007d7d00000)
 ParOldGen       total 86016K, used 22635K [0x0000000781c00000, 0x0000000787000000, 0x00000007d5e80000)
  object space 86016K, 26% used [0x0000000781c00000,0x000000078321acd0,0x0000000787000000)
 PSPermGen       total 37888K, used 37547K [0x000000077ca00000, 0x000000077ef00000, 0x0000000781c00000)
  object space 37888K, 99% used [0x000000077ca00000,0x000000077eeaae40,0x000000077ef00000)
Event: 2282.443 GC heap after
Heap after GC invocations=25 (full 0):
 PSYoungGen      total 31232K, used 807K [0x00000007d5e80000, 0x00000007d8400000, 0x0000000800000000)
  eden space 24064K, 0% used [0x00000007d5e80000,0x00000007d5e80000,0x00000007d7600000)
  from space 7168K, 11% used [0x00000007d7600000,0x00000007d76c9d60,0x00000007d7d00000)
  to   space 7168K, 0% used [0x00000007d7d00000,0x00000007d7d00000,0x00000007d8400000)
 ParOldGen       total 86016K, used 22691K [0x0000000781c00000, 0x0000000787000000, 0x00000007d5e80000)
  object space 86016K, 26% used [0x0000000781c00000,0x0000000783228cd0,0x0000000787000000)
 PSPermGen       total 37888K, used 37547K [0x000000077ca00000, 0x000000077ef00000, 0x0000000781c00000)
  object space 37888K, 99% used [0x000000077ca00000,0x000000077eeaae40,0x000000077ef00000)
}
Event: 2283.209 GC heap before
{Heap before GC invocations=26 (full 0):
 PSYoungGen      total 31232K, used 24871K [0x00000007d5e80000, 0x00000007d8400000, 0x0000000800000000)
  eden space 24064K, 100% used [0x00000007d5e80000,0x00000007d7600000,0x00000007d7600000)
  from space 7168K, 11% used [0x00000007d7600000,0x00000007d76c9d60,0x00000007d7d00000)
  to   space 7168K, 0% used [0x00000007d7d00000,0x00000007d7d00000,0x00000007d8400000)
 ParOldGen       total 86016K, used 22691K [0x0000000781c00000, 0x0000000787000000, 0x00000007d5e80000)
  object space 86016K, 26% used [0x0000000781c00000,0x0000000783228cd0,0x0000000787000000)
 PSPermGen       total 37888K, used 37548K [0x000000077ca00000, 0x000000077ef00000, 0x0000000781c00000)
  object space 37888K, 99% used [0x000000077ca00000,0x000000077eeab340,0x000000077ef00000)
Event: 2283.212 GC heap after
Heap after GC invocations=26 (full 0):
 PSYoungGen      total 31232K, used 1402K [0x00000007d5e80000, 0x00000007d8400000, 0x0000000800000000)
  eden space 24064K, 0% used [0x00000007d5e80000,0x00000007d5e80000,0x00000007d7600000)
  from space 7168K, 19% used [0x00000007d7d00000,0x00000007d7e5eb70,0x00000007d8400000)
  to   space 7168K, 0% used [0x00000007d7600000,0x00000007d7600000,0x00000007d7d00000)
 ParOldGen       total 86016K, used 22918K [0x0000000781c00000, 0x0000000787000000, 0x00000007d5e80000)
  object space 86016K, 26% used [0x0000000781c00000,0x0000000783261a68,0x0000000787000000)
 PSPermGen       total 37888K, used 37548K [0x000000077ca00000, 0x000000077ef00000, 0x0000000781c00000)
  object space 37888K, 99% used [0x000000077ca00000,0x000000077eeab340,0x000000077ef00000)
}

